SLURM_JOBID=214760
SLURM_JOB_NODELIST=saliksik-cpu-24
SLURM_NNODES=1
SLURMTMPDIR=
working directory = /scratch1/scratch2/joma.minoza/Bangsamoro-ABM-COVID19-Vaccine-Distribution-Optimization/experiments/scripts
Requirement already satisfied: arrow==0.13.1 in /home/joma.minoza/.local/lib/python3.8/site-packages (from -r requirements.txt (line 1)) (0.13.1)
Requirement already satisfied: attrs==19.1.0 in /home/joma.minoza/.local/lib/python3.8/site-packages (from -r requirements.txt (line 2)) (19.1.0)
Requirement already satisfied: backcall==0.1.0 in /home/joma.minoza/.local/lib/python3.8/site-packages (from -r requirements.txt (line 3)) (0.1.0)
Requirement already satisfied: binaryornot==0.4.4 in /home/joma.minoza/.local/lib/python3.8/site-packages (from -r requirements.txt (line 4)) (0.4.4)
Requirement already satisfied: certifi==2019.3.9 in /home/joma.minoza/.local/lib/python3.8/site-packages (from -r requirements.txt (line 5)) (2019.3.9)
Requirement already satisfied: chardet==3.0.4 in /share/hpcc/CPU/anaconda/3-5.3.1/lib/python3.8/site-packages (from -r requirements.txt (line 6)) (3.0.4)
Requirement already satisfied: Click==7.0 in /home/joma.minoza/.local/lib/python3.8/site-packages (from -r requirements.txt (line 7)) (7.0)
Requirement already satisfied: colorama==0.4.1 in /home/joma.minoza/.local/lib/python3.8/site-packages (from -r requirements.txt (line 8)) (0.4.1)
Requirement already satisfied: cookiecutter==1.6.0 in /home/joma.minoza/.local/lib/python3.8/site-packages (from -r requirements.txt (line 9)) (1.6.0)
Requirement already satisfied: decorator==4.4.0 in /home/joma.minoza/.local/lib/python3.8/site-packages (from -r requirements.txt (line 10)) (4.4.0)
Requirement already satisfied: defusedxml==0.5.0 in /home/joma.minoza/.local/lib/python3.8/site-packages (from -r requirements.txt (line 11)) (0.5.0)
Requirement already satisfied: entrypoints==0.3 in /home/joma.minoza/.local/lib/python3.8/site-packages (from -r requirements.txt (line 12)) (0.3)
Requirement already satisfied: Flask==1.0.2 in /home/joma.minoza/.local/lib/python3.8/site-packages (from -r requirements.txt (line 13)) (1.0.2)
Requirement already satisfied: future==0.17.1 in /home/joma.minoza/.local/lib/python3.8/site-packages (from -r requirements.txt (line 14)) (0.17.1)
Requirement already satisfied: gunicorn==19.9.0 in /home/joma.minoza/.local/lib/python3.8/site-packages (from -r requirements.txt (line 15)) (19.9.0)
Requirement already satisfied: idna==2.8 in /home/joma.minoza/.local/lib/python3.8/site-packages (from -r requirements.txt (line 16)) (2.8)
Requirement already satisfied: ipykernel==5.1.0 in /home/joma.minoza/.local/lib/python3.8/site-packages (from -r requirements.txt (line 17)) (5.1.0)
Requirement already satisfied: ipython==7.4.0 in /home/joma.minoza/.local/lib/python3.8/site-packages (from -r requirements.txt (line 18)) (7.4.0)
Requirement already satisfied: ipython-genutils==0.2.0 in /home/joma.minoza/.local/lib/python3.8/site-packages (from -r requirements.txt (line 19)) (0.2.0)
Requirement already satisfied: ipywidgets==7.4.2 in /home/joma.minoza/.local/lib/python3.8/site-packages (from -r requirements.txt (line 20)) (7.4.2)
Requirement already satisfied: itsdangerous==1.1.0 in /home/joma.minoza/.local/lib/python3.8/site-packages (from -r requirements.txt (line 21)) (1.1.0)
Requirement already satisfied: jedi==0.13.3 in /home/joma.minoza/.local/lib/python3.8/site-packages (from -r requirements.txt (line 22)) (0.13.3)
Requirement already satisfied: jinja2-time==0.2.0 in /home/joma.minoza/.local/lib/python3.8/site-packages (from -r requirements.txt (line 23)) (0.2.0)
Requirement already satisfied: jsonschema==3.0.1 in /home/joma.minoza/.local/lib/python3.8/site-packages (from -r requirements.txt (line 24)) (3.0.1)
Requirement already satisfied: jupyter==1.0.0 in /home/joma.minoza/.local/lib/python3.8/site-packages (from -r requirements.txt (line 25)) (1.0.0)
Requirement already satisfied: jupyter-client==6.1.11 in /home/joma.minoza/.local/lib/python3.8/site-packages (from -r requirements.txt (line 26)) (6.1.11)
Requirement already satisfied: jupyter-console==6.0.0 in /home/joma.minoza/.local/lib/python3.8/site-packages (from -r requirements.txt (line 27)) (6.0.0)
Requirement already satisfied: jupyter-core==4.7.0 in /home/joma.minoza/.local/lib/python3.8/site-packages (from -r requirements.txt (line 28)) (4.7.0)
Requirement already satisfied: jupyter_contrib_nbextensions==0.5.1 in /home/joma.minoza/.local/lib/python3.8/site-packages (from -r requirements.txt (line 29)) (0.5.1)
Requirement already satisfied: MarkupSafe==1.1.1 in /home/joma.minoza/.local/lib/python3.8/site-packages (from -r requirements.txt (line 30)) (1.1.1)
Requirement already satisfied: mesa_geo==0.2.0 in /home/joma.minoza/.local/lib/python3.8/site-packages (from -r requirements.txt (line 31)) (0.2.0)
Requirement already satisfied: mistune==0.8.4 in /home/joma.minoza/.local/lib/python3.8/site-packages (from -r requirements.txt (line 32)) (0.8.4)
Requirement already satisfied: nbconvert==5.4.1 in /home/joma.minoza/.local/lib/python3.8/site-packages (from -r requirements.txt (line 33)) (5.4.1)
Requirement already satisfied: nbformat==4.4.0 in /home/joma.minoza/.local/lib/python3.8/site-packages (from -r requirements.txt (line 34)) (4.4.0)
Requirement already satisfied: networkx==2.2 in /home/joma.minoza/.local/lib/python3.8/site-packages (from -r requirements.txt (line 35)) (2.2)
Requirement already satisfied: numpy==1.16.2 in /home/joma.minoza/.local/lib/python3.8/site-packages (from -r requirements.txt (line 36)) (1.16.2)
Requirement already satisfied: NumpyEncoder==0.3.0 in /home/joma.minoza/.local/lib/python3.8/site-packages (from -r requirements.txt (line 37)) (0.3.0)
Requirement already satisfied: pandas==0.24.2 in /home/joma.minoza/.local/lib/python3.8/site-packages (from -r requirements.txt (line 38)) (0.24.2)
Requirement already satisfied: pandocfilters==1.4.2 in /home/joma.minoza/.local/lib/python3.8/site-packages (from -r requirements.txt (line 39)) (1.4.2)
Requirement already satisfied: pickleshare==0.7.5 in /home/joma.minoza/.local/lib/python3.8/site-packages (from -r requirements.txt (line 40)) (0.7.5)
Requirement already satisfied: poyo==0.4.2 in /home/joma.minoza/.local/lib/python3.8/site-packages (from -r requirements.txt (line 41)) (0.4.2)
Requirement already satisfied: prometheus-client==0.6.0 in /home/joma.minoza/.local/lib/python3.8/site-packages (from -r requirements.txt (line 42)) (0.6.0)
Requirement already satisfied: prompt-toolkit==2.0.9 in /home/joma.minoza/.local/lib/python3.8/site-packages (from -r requirements.txt (line 43)) (2.0.9)
Requirement already satisfied: Pygments==2.3.1 in /home/joma.minoza/.local/lib/python3.8/site-packages (from -r requirements.txt (line 44)) (2.3.1)
Requirement already satisfied: pyrsistent==0.14.11 in /home/joma.minoza/.local/lib/python3.8/site-packages (from -r requirements.txt (line 45)) (0.14.11)
Requirement already satisfied: python-dateutil==2.8.0 in /home/joma.minoza/.local/lib/python3.8/site-packages (from -r requirements.txt (line 46)) (2.8.0)
Requirement already satisfied: pytz==2018.9 in /home/joma.minoza/.local/lib/python3.8/site-packages (from -r requirements.txt (line 47)) (2018.9)
Requirement already satisfied: pywinpty==0.5.5 in /home/joma.minoza/.local/lib/python3.8/site-packages (from -r requirements.txt (line 48)) (0.5.5)
Requirement already satisfied: pyzmq==18.0.1 in /home/joma.minoza/.local/lib/python3.8/site-packages (from -r requirements.txt (line 49)) (18.0.1)
Requirement already satisfied: qtconsole==4.4.3 in /home/joma.minoza/.local/lib/python3.8/site-packages (from -r requirements.txt (line 50)) (4.4.3)
Requirement already satisfied: requests==2.21.0 in /home/joma.minoza/.local/lib/python3.8/site-packages (from -r requirements.txt (line 51)) (2.21.0)
Requirement already satisfied: runipy==0.1.5 in /home/joma.minoza/.local/lib/python3.8/site-packages (from -r requirements.txt (line 52)) (0.1.5)
Requirement already satisfied: Send2Trash==1.5.0 in /home/joma.minoza/.local/lib/python3.8/site-packages (from -r requirements.txt (line 53)) (1.5.0)
Requirement already satisfied: scipy==1.4.1 in /home/joma.minoza/.local/lib/python3.8/site-packages (from -r requirements.txt (line 54)) (1.4.1)
Requirement already satisfied: six==1.12.0 in /home/joma.minoza/.local/lib/python3.8/site-packages (from -r requirements.txt (line 55)) (1.12.0)
Requirement already satisfied: terminado==0.9.2 in /home/joma.minoza/.local/lib/python3.8/site-packages (from -r requirements.txt (line 56)) (0.9.2)
Requirement already satisfied: testpath==0.4.2 in /home/joma.minoza/.local/lib/python3.8/site-packages (from -r requirements.txt (line 57)) (0.4.2)
Requirement already satisfied: tornado==6.0.2 in /home/joma.minoza/.local/lib/python3.8/site-packages (from -r requirements.txt (line 58)) (6.0.2)
Requirement already satisfied: tqdm==4.31.1 in /home/joma.minoza/.local/lib/python3.8/site-packages (from -r requirements.txt (line 59)) (4.31.1)
Requirement already satisfied: traitlets==4.3.2 in /home/joma.minoza/.local/lib/python3.8/site-packages (from -r requirements.txt (line 60)) (4.3.2)
Requirement already satisfied: virtualenv==16.4.3 in /home/joma.minoza/.local/lib/python3.8/site-packages (from -r requirements.txt (line 61)) (16.4.3)
Requirement already satisfied: wcwidth==0.1.7 in /home/joma.minoza/.local/lib/python3.8/site-packages (from -r requirements.txt (line 62)) (0.1.7)
Requirement already satisfied: webencodings==0.5.1 in /home/joma.minoza/.local/lib/python3.8/site-packages (from -r requirements.txt (line 63)) (0.5.1)
Requirement already satisfied: whichcraft==0.5.2 in /home/joma.minoza/.local/lib/python3.8/site-packages (from -r requirements.txt (line 64)) (0.5.2)
Requirement already satisfied: widgetsnbextension==3.4.2 in /home/joma.minoza/.local/lib/python3.8/site-packages (from -r requirements.txt (line 65)) (3.4.2)
Requirement already satisfied: jinja2>=2.7 in /home/joma.minoza/.local/lib/python3.8/site-packages (from cookiecutter==1.6.0->-r requirements.txt (line 9)) (2.11.2)
Requirement already satisfied: Werkzeug>=0.14 in /home/joma.minoza/.local/lib/python3.8/site-packages (from Flask==1.0.2->-r requirements.txt (line 13)) (1.0.1)
Requirement already satisfied: pexpect; sys_platform != "win32" in /home/joma.minoza/.local/lib/python3.8/site-packages (from ipython==7.4.0->-r requirements.txt (line 18)) (4.8.0)
Requirement already satisfied: setuptools>=18.5 in /share/hpcc/CPU/anaconda/3-5.3.1/lib/python3.8/site-packages (from ipython==7.4.0->-r requirements.txt (line 18)) (50.3.0.post20201006)
Requirement already satisfied: parso>=0.3.0 in /home/joma.minoza/.local/lib/python3.8/site-packages (from jedi==0.13.3->-r requirements.txt (line 22)) (0.7.1)
Requirement already satisfied: notebook in /home/joma.minoza/.local/lib/python3.8/site-packages (from jupyter==1.0.0->-r requirements.txt (line 25)) (6.1.6)
Requirement already satisfied: pyyaml in /home/joma.minoza/.local/lib/python3.8/site-packages (from jupyter_contrib_nbextensions==0.5.1->-r requirements.txt (line 29)) (5.4.1)
Requirement already satisfied: jupyter-latex-envs>=1.3.8 in /home/joma.minoza/.local/lib/python3.8/site-packages (from jupyter_contrib_nbextensions==0.5.1->-r requirements.txt (line 29)) (1.4.6)
Requirement already satisfied: jupyter-nbextensions-configurator>=0.4.0 in /home/joma.minoza/.local/lib/python3.8/site-packages (from jupyter_contrib_nbextensions==0.5.1->-r requirements.txt (line 29)) (0.4.1)
Requirement already satisfied: lxml in /home/joma.minoza/.local/lib/python3.8/site-packages (from jupyter_contrib_nbextensions==0.5.1->-r requirements.txt (line 29)) (4.6.1)
Requirement already satisfied: jupyter-highlight-selected-word>=0.1.1 in /home/joma.minoza/.local/lib/python3.8/site-packages (from jupyter_contrib_nbextensions==0.5.1->-r requirements.txt (line 29)) (0.2.0)
Requirement already satisfied: jupyter-contrib-core>=0.3.3 in /home/joma.minoza/.local/lib/python3.8/site-packages (from jupyter_contrib_nbextensions==0.5.1->-r requirements.txt (line 29)) (0.3.3)
Requirement already satisfied: libpysal in /home/joma.minoza/.local/lib/python3.8/site-packages (from mesa_geo==0.2.0->-r requirements.txt (line 31)) (4.3.0)
Requirement already satisfied: geopandas in /home/joma.minoza/.local/lib/python3.8/site-packages (from mesa_geo==0.2.0->-r requirements.txt (line 31)) (0.8.1)
Requirement already satisfied: rtree in /home/joma.minoza/.local/lib/python3.8/site-packages (from mesa_geo==0.2.0->-r requirements.txt (line 31)) (0.9.7)
Requirement already satisfied: mesa>=0.8.6 in /home/joma.minoza/.local/lib/python3.8/site-packages (from mesa_geo==0.2.0->-r requirements.txt (line 31)) (0.8.8.1)
Requirement already satisfied: bleach in /home/joma.minoza/.local/lib/python3.8/site-packages (from nbconvert==5.4.1->-r requirements.txt (line 33)) (3.2.1)
Requirement already satisfied: urllib3<1.25,>=1.21.1 in /home/joma.minoza/.local/lib/python3.8/site-packages (from requests==2.21.0->-r requirements.txt (line 51)) (1.24.3)
Requirement already satisfied: ptyprocess; os_name != "nt" in /home/joma.minoza/.local/lib/python3.8/site-packages (from terminado==0.9.2->-r requirements.txt (line 56)) (0.6.0)
Requirement already satisfied: argon2-cffi in /home/joma.minoza/.local/lib/python3.8/site-packages (from notebook->jupyter==1.0.0->-r requirements.txt (line 25)) (20.1.0)
Requirement already satisfied: beautifulsoup4 in /home/joma.minoza/.local/lib/python3.8/site-packages (from libpysal->mesa_geo==0.2.0->-r requirements.txt (line 31)) (4.9.3)
Requirement already satisfied: fiona in /home/joma.minoza/.local/lib/python3.8/site-packages (from geopandas->mesa_geo==0.2.0->-r requirements.txt (line 31)) (1.8.18)
Requirement already satisfied: shapely in /home/joma.minoza/.local/lib/python3.8/site-packages (from geopandas->mesa_geo==0.2.0->-r requirements.txt (line 31)) (1.7.1)
Requirement already satisfied: pyproj>=2.2.0 in /home/joma.minoza/.local/lib/python3.8/site-packages (from geopandas->mesa_geo==0.2.0->-r requirements.txt (line 31)) (3.0.0.post1)
Requirement already satisfied: packaging in /home/joma.minoza/.local/lib/python3.8/site-packages (from bleach->nbconvert==5.4.1->-r requirements.txt (line 33)) (20.8)
Requirement already satisfied: cffi>=1.0.0 in /share/hpcc/CPU/anaconda/3-5.3.1/lib/python3.8/site-packages (from argon2-cffi->notebook->jupyter==1.0.0->-r requirements.txt (line 25)) (1.14.3)
Requirement already satisfied: soupsieve>1.2; python_version >= "3.0" in /home/joma.minoza/.local/lib/python3.8/site-packages (from beautifulsoup4->libpysal->mesa_geo==0.2.0->-r requirements.txt (line 31)) (2.1)
Requirement already satisfied: munch in /home/joma.minoza/.local/lib/python3.8/site-packages (from fiona->geopandas->mesa_geo==0.2.0->-r requirements.txt (line 31)) (2.5.0)
Requirement already satisfied: click-plugins>=1.0 in /home/joma.minoza/.local/lib/python3.8/site-packages (from fiona->geopandas->mesa_geo==0.2.0->-r requirements.txt (line 31)) (1.1.1)
Requirement already satisfied: cligj>=0.5 in /home/joma.minoza/.local/lib/python3.8/site-packages (from fiona->geopandas->mesa_geo==0.2.0->-r requirements.txt (line 31)) (0.7.1)
Requirement already satisfied: pyparsing>=2.0.2 in /home/joma.minoza/.local/lib/python3.8/site-packages (from packaging->bleach->nbconvert==5.4.1->-r requirements.txt (line 33)) (2.4.7)
Requirement already satisfied: pycparser in /share/hpcc/CPU/anaconda/3-5.3.1/lib/python3.8/site-packages (from cffi>=1.0.0->argon2-cffi->notebook->jupyter==1.0.0->-r requirements.txt (line 25)) (2.20)
